[debug] [2020-09-24T09:11:50.283Z] ----------------------------------------------------------------------
[debug] [2020-09-24T09:11:50.286Z] Command:       C:\Program Files\nodejs\node.exe C:\Users\MYC\AppData\Roaming\npm\node_modules\firebase-tools\lib\bin\firebase.js emulators:start
[debug] [2020-09-24T09:11:50.286Z] CLI Version:   8.10.0
[debug] [2020-09-24T09:11:50.286Z] Platform:      win32
[debug] [2020-09-24T09:11:50.286Z] Node Version:  v12.18.4
[debug] [2020-09-24T09:11:50.288Z] Time:          Thu Sep 24 2020 11:11:50 GMT+0200 (GMT+02:00)
[debug] [2020-09-24T09:11:50.288Z] ----------------------------------------------------------------------
[debug] [2020-09-24T09:11:50.288Z] 
[debug] [2020-09-24T09:11:50.298Z] > command requires scopes: ["email","openid","https://www.googleapis.com/auth/cloudplatformprojects.readonly","https://www.googleapis.com/auth/firebase","https://www.googleapis.com/auth/cloud-platform"]
[debug] [2020-09-24T09:11:51.325Z] FirebaseError: Failed to authenticate, have you run firebase login?
[warn] !  emulators: You are not currently authenticated so some features may not work correctly. Please run firebase login to authenticate the CLI. 
[info] i  emulators: Starting emulators: functions {"metadata":{"emulator":{"name":"hub"},"message":"Starting emulators: functions"}}
[debug] [2020-09-24T09:11:53.412Z] [hub] writing locator at C:\Users\MYC\AppData\Local\Temp\hub-clone-dc80c.json
[warn] !  functions: The following emulators are not running, calls to these services from the Functions emulator will affect production: firestore, database, hosting, pubsub {"metadata":{"emulator":{"name":"functions"},"message":"The following emulators are not running, calls to these services from the Functions emulator will affect production: \u001b[1mfirestore, database, hosting, pubsub\u001b[22m"}}
[info] +  functions: Using node@12 from host. {"metadata":{"emulator":{"name":"functions"},"message":"Using node@12 from host."}}
[debug] [2020-09-24T09:11:55.514Z] defaultcredentials: no credential available.
[warn] !  functions: You are not signed in to the Firebase CLI. If you have authorized this machine using gcloud application-default credentials those may be discovered and used to access production services. {"metadata":{"emulator":{"name":"functions"},"message":"You are not signed in to the Firebase CLI. If you have authorized this machine using gcloud application-default credentials those may be discovered and used to access production services."}}
[debug] [2020-09-24T09:11:59.650Z] Ignoring unsupported arg: auto_download {"metadata":{"emulator":{"name":"ui"},"message":"Ignoring unsupported arg: auto_download"}}
[debug] [2020-09-24T09:11:59.651Z] Ignoring unsupported arg: port {"metadata":{"emulator":{"name":"ui"},"message":"Ignoring unsupported arg: port"}}
[debug] [2020-09-24T09:11:59.652Z] Starting Emulator UI with command {"binary":"node","args":["C:\\Users\\MYC\\.cache\\firebase\\emulators\\ui-v1.1.1\\server.bundle.js"],"optionalArgs":[],"joinArgs":false} {"metadata":{"emulator":{"name":"ui"},"message":"Starting Emulator UI with command {\"binary\":\"node\",\"args\":[\"C:\\\\Users\\\\MYC\\\\.cache\\\\firebase\\\\emulators\\\\ui-v1.1.1\\\\server.bundle.js\"],\"optionalArgs\":[],\"joinArgs\":false}"}}
[info] i  ui: Emulator UI logging to ui-debug.log {"metadata":{"emulator":{"name":"ui"},"message":"Emulator UI logging to \u001b[1mui-debug.log\u001b[22m"}}
[debug] [2020-09-24T09:11:59.933Z] Web / API server started at http://localhost:4000
 {"metadata":{"emulator":{"name":"ui"},"message":"Web / API server started at http://localhost:4000\n"}}
[info] i  functions: Watching "D:\Projects\amazon-clone\app\functions" for Cloud Functions... {"metadata":{"emulator":{"name":"functions"},"message":"Watching \"D:\\Projects\\amazon-clone\\app\\functions\" for Cloud Functions..."}}
[debug] [2020-09-24T09:12:00.217Z] [worker-pool] addWorker(~diagnostic~) {"metadata":{"emulator":{"name":"functions"},"message":"[worker-pool] addWorker(~diagnostic~)"}}
[debug] [2020-09-24T09:12:00.217Z] [worker-pool] Adding worker with key ~diagnostic~, total=1 {"metadata":{"emulator":{"name":"functions"},"message":"[worker-pool] Adding worker with key ~diagnostic~, total=1"}}
[debug] [2020-09-24T09:12:00.217Z] [worker-pool] submitWork(triggerId=) {"metadata":{"emulator":{"name":"functions"},"message":"[worker-pool] submitWork(triggerId=)"}}
[debug] [2020-09-24T09:12:00.218Z] [worker-~diagnostic~-93cc6bde-9663-4159-9616-d91f8163f9e1]: Assigning socketPath: \\?\pipe\D:\Projects\amazon-clone\app\functions\11776 {"metadata":{"emulator":{"name":"functions"},"message":"[worker-~diagnostic~-93cc6bde-9663-4159-9616-d91f8163f9e1]: Assigning socketPath: \\\\?\\pipe\\D:\\Projects\\amazon-clone\\app\\functions\\11776"}}
[debug] [2020-09-24T09:12:00.218Z] [worker-~diagnostic~-93cc6bde-9663-4159-9616-d91f8163f9e1]: BUSY {"metadata":{"emulator":{"name":"functions"},"message":"[worker-~diagnostic~-93cc6bde-9663-4159-9616-d91f8163f9e1]: BUSY"}}
